TN:
SF:src\utils\dateUtils.ts
FN:34,dayInMonth
FN:79,checkDate
FN:96,isValidPayrollMonth
FN:110,isValidDateRange
FNF:4
FNH:4
FNDA:23,dayInMonth
FNDA:12,checkDate
FNDA:12,isValidPayrollMonth
FNDA:12,isValidDateRange
DA:34,1
DA:36,23
DA:37,23
DA:38,20
DA:41,19
DA:42,7
DA:43,7
DA:47,12
DA:48,12
DA:51,4
DA:79,1
DA:81,12
DA:84,11
DA:85,11
DA:88,10
DA:96,1
DA:97,12
DA:98,9
DA:99,9
DA:100,9
DA:101,9
DA:110,1
DA:111,12
DA:112,12
DA:113,12
DA:114,8
LF:26
LH:26
BRDA:36,0,0,0
BRDA:36,0,1,23
BRDA:36,1,0,23
BRDA:36,1,1,23
BRDA:37,2,0,3
BRDA:37,2,1,20
BRDA:37,3,0,23
BRDA:37,3,1,22
BRDA:38,4,0,1
BRDA:38,4,1,19
BRDA:41,5,0,7
BRDA:41,5,1,12
BRDA:42,6,0,7
BRDA:42,6,1,4
BRDA:42,6,2,5
BRDA:43,7,0,3
BRDA:43,7,1,4
BRDA:48,8,0,8
BRDA:48,8,1,4
BRDA:81,9,0,1
BRDA:81,9,1,11
BRDA:81,10,0,12
BRDA:81,10,1,12
BRDA:85,11,0,1
BRDA:85,11,1,10
BRDA:97,12,0,3
BRDA:97,12,1,9
BRDA:101,13,0,9
BRDA:101,13,1,8
BRDA:101,13,2,7
BRDA:113,14,0,4
BRDA:113,14,1,8
BRDA:113,15,0,12
BRDA:113,15,1,10
BRF:34
BRH:33
end_of_record
TN:
SF:src\utils\formatUtils.ts
FN:21,formatMoneyVnd
FN:39,formatDateIso
FN:60,toInputDate
FNF:3
FNH:3
FNDA:12,formatMoneyVnd
FNDA:12,formatDateIso
FNDA:12,toInputDate
DA:21,1
DA:22,12
DA:39,1
DA:40,12
DA:41,10
DA:42,10
DA:43,7
DA:60,1
DA:61,12
DA:62,10
DA:63,10
DA:64,7
DA:65,7
DA:66,7
DA:67,7
LF:15
LH:15
BRDA:40,0,0,2
BRDA:40,0,1,10
BRDA:42,1,0,3
BRDA:42,1,1,7
BRDA:61,2,0,2
BRDA:61,2,1,10
BRDA:63,3,0,3
BRDA:63,3,1,7
BRF:8
BRH:8
end_of_record
TN:
SF:src\utils\payrollUtils.ts
FN:21,computeNetPay
FNF:1
FNH:1
FNDA:12,computeNetPay
DA:21,1
DA:26,12
LF:2
LH:2
BRF:0
BRH:0
end_of_record
TN:
SF:src\utils\reportUtils.ts
FN:24,quarterToMonths
FN:30,(anonymous_1)
FN:46,yearToMonths
FN:47,(anonymous_3)
FNF:4
FNH:4
FNDA:12,quarterToMonths
FNDA:21,(anonymous_1)
FNDA:12,yearToMonths
FNDA:144,(anonymous_3)
DA:24,1
DA:25,12
DA:26,12
DA:27,7
DA:28,7
DA:29,7
DA:30,21
DA:46,1
DA:47,144
LF:9
LH:9
BRDA:26,0,0,5
BRDA:26,0,1,7
BRF:2
BRH:2
end_of_record
