TN:
SF:src\utils\dateUtils.ts
FN:34,dayInMonth
FN:79,checkDate
FN:96,isValidPayrollMonth
FN:110,isValidDateRange
FNF:4
FNH:0
FNDA:0,dayInMonth
FNDA:0,checkDate
FNDA:0,isValidPayrollMonth
FNDA:0,isValidDateRange
DA:34,0
DA:36,0
DA:37,0
DA:38,0
DA:41,0
DA:42,0
DA:43,0
DA:47,0
DA:48,0
DA:51,0
DA:79,0
DA:81,0
DA:84,0
DA:85,0
DA:88,0
DA:96,0
DA:97,0
DA:98,0
DA:99,0
DA:100,0
DA:101,0
DA:110,0
DA:111,0
DA:112,0
DA:113,0
DA:114,0
LF:26
LH:0
BRDA:36,0,0,0
BRDA:36,0,1,0
BRDA:36,1,0,0
BRDA:36,1,1,0
BRDA:37,2,0,0
BRDA:37,2,1,0
BRDA:37,3,0,0
BRDA:37,3,1,0
BRDA:38,4,0,0
BRDA:38,4,1,0
BRDA:41,5,0,0
BRDA:41,5,1,0
BRDA:42,6,0,0
BRDA:42,6,1,0
BRDA:42,6,2,0
BRDA:43,7,0,0
BRDA:43,7,1,0
BRDA:48,8,0,0
BRDA:48,8,1,0
BRDA:81,9,0,0
BRDA:81,9,1,0
BRDA:81,10,0,0
BRDA:81,10,1,0
BRDA:85,11,0,0
BRDA:85,11,1,0
BRDA:97,12,0,0
BRDA:97,12,1,0
BRDA:101,13,0,0
BRDA:101,13,1,0
BRDA:101,13,2,0
BRDA:113,14,0,0
BRDA:113,14,1,0
BRDA:113,15,0,0
BRDA:113,15,1,0
BRF:34
BRH:0
end_of_record
TN:
SF:src\utils\payrollUtils.ts
FN:37,computeNetPay
FN:70,isValidPayrollMonth
FNF:2
FNH:2
FNDA:15,computeNetPay
FNDA:16,isValidPayrollMonth
DA:37,1
DA:42,15
DA:70,1
DA:71,16
DA:72,10
DA:73,10
DA:74,10
DA:75,10
LF:8
LH:8
BRDA:71,0,0,6
BRDA:71,0,1,10
BRDA:75,1,0,10
BRDA:75,1,1,9
BRDA:75,1,2,8
BRF:5
BRH:5
end_of_record
